2026-02-24 10:38:56,672 - INFO - ============================================================
2026-02-24 10:38:56,672 - INFO - VERIX HARVEST ENGINE v2.1 — INITIATING
2026-02-24 10:38:56,844 - INFO -   [Scraper] Extracted 12 questions from https://www.ncertbooks.guru/mcq-questions-for-class-9-science-chapter-1-with-answers/
2026-02-24 10:38:56,960 - INFO -   [Scraper] Extracted 15 questions from https://www.ncertbooks.guru/mcq-questions-for-class-9-science-chapter-2-with-answers/
2026-02-24 10:38:57,082 - INFO -   [Scraper] Extracted 15 questions from https://www.ncertbooks.guru/mcq-questions-for-class-9-science-chapter-3-with-answers/
2026-02-24 10:38:57,449 - INFO -   [Scraper] Extracted 14 questions from https://www.ncertbooks.guru/mcq-questions-for-class-9-science-chapter-4-with-answers/
2026-02-24 10:38:57,568 - INFO -   [Scraper] Extracted 13 questions from https://www.ncertbooks.guru/mcq-questions-for-class-9-science-chapter-5-with-answers/
2026-02-24 10:38:57,683 - INFO -   [Scraper] Extracted 13 questions from https://www.ncertbooks.guru/mcq-questions-for-class-9-science-chapter-6-with-answers/
2026-02-24 10:38:57,833 - INFO -   [Scraper] Extracted 12 questions from https://www.ncertbooks.guru/mcq-questions-for-class-9-science-chapter-8-with-answers/
2026-02-24 10:38:57,949 - INFO -   [Scraper] Extracted 14 questions from https://www.ncertbooks.guru/mcq-questions-for-class-9-science-chapter-9-with-answers/
2026-02-24 10:38:58,085 - INFO -   [Scraper] Extracted 14 questions from https://www.ncertbooks.guru/mcq-questions-for-class-9-science-chapter-10-with-answers/
2026-02-24 10:38:58,443 - INFO -   [Scraper] Extracted 16 questions from https://www.ncertbooks.guru/mcq-questions-for-class-9-science-chapter-11-with-answers/
2026-02-24 10:38:58,814 - INFO -   [Scraper] Extracted 0 questions from https://www.ncertbooks.guru/mcq-questions-for-class-9-science-chapter-12-with-answers/
2026-02-24 10:38:58,928 - INFO -   [Scraper] Extracted 0 questions from https://www.ncertbooks.guru/mcq-questions-for-class-9-science-chapter-15-with-answers/
2026-02-24 10:38:59,056 - INFO -   [Scraper] Extracted 4 questions from https://www.ncertbooks.guru/mcq-questions-for-class-9-maths-chapter-1-with-answers/
2026-02-24 10:38:59,182 - INFO -   [Scraper] Extracted 0 questions from https://www.ncertbooks.guru/mcq-questions-for-class-9-maths-chapter-2-with-answers/
2026-02-24 10:38:59,586 - INFO -   [Scraper] Extracted 1 questions from https://www.ncertbooks.guru/mcq-questions-for-class-9-maths-chapter-3-with-answers/
2026-02-24 10:38:59,704 - INFO -   [Scraper] Extracted 2 questions from https://www.ncertbooks.guru/mcq-questions-for-class-9-maths-chapter-4-with-answers/
2026-02-24 10:39:00,086 - INFO -   [Scraper] Extracted 1 questions from https://www.ncertbooks.guru/mcq-questions-for-class-9-maths-chapter-5-with-answers/
2026-02-24 10:39:00,213 - INFO -   [Scraper] Extracted 1 questions from https://www.ncertbooks.guru/mcq-questions-for-class-9-maths-chapter-6-with-answers/
2026-02-24 10:39:00,341 - INFO -   [Scraper] Extracted 0 questions from https://www.ncertbooks.guru/mcq-questions-for-class-9-maths-chapter-7-with-answers/
2026-02-24 10:39:00,461 - INFO -   [Scraper] Extracted 0 questions from https://www.ncertbooks.guru/mcq-questions-for-class-9-maths-chapter-8-with-answers/
2026-02-24 10:39:00,581 - INFO -   [Scraper] Extracted 0 questions from https://www.ncertbooks.guru/mcq-questions-for-class-9-maths-chapter-10-with-answers/
2026-02-24 10:39:00,707 - INFO -   [Scraper] Extracted 1 questions from https://www.ncertbooks.guru/mcq-questions-for-class-9-maths-chapter-12-with-answers/
2026-02-24 10:39:00,819 - INFO -   [Scraper] Extracted 0 questions from https://www.ncertbooks.guru/mcq-questions-for-class-9-maths-chapter-13-with-answers/
2026-02-24 10:39:01,199 - INFO -   [Scraper] Extracted 1 questions from https://www.ncertbooks.guru/mcq-questions-for-class-9-maths-chapter-14-with-answers/
2026-02-24 10:39:01,316 - INFO -   [Scraper] Extracted 1 questions from https://www.ncertbooks.guru/mcq-questions-for-class-9-maths-chapter-15-with-answers/
2026-02-24 10:39:02,333 - ERROR -   [Scraper] Failed to scrape https://www.ncertbooks.guru/mcq-questions-for-class-9-social-science-history-chapter-1-with-answers/: 404 Client Error: Not Found for url: https://www.ncertbooks.guru/mcq-questions-for-class-9-social-science-history-chapter-1-with-answers/
2026-02-24 10:39:03,163 - ERROR -   [Scraper] Failed to scrape https://www.ncertbooks.guru/mcq-questions-for-class-9-social-science-history-chapter-2-with-answers/: 404 Client Error: Not Found for url: https://www.ncertbooks.guru/mcq-questions-for-class-9-social-science-history-chapter-2-with-answers/
2026-02-24 10:39:03,958 - ERROR -   [Scraper] Failed to scrape https://www.ncertbooks.guru/mcq-questions-for-class-9-social-science-geography-chapter-1-with-answers/: 404 Client Error: Not Found for url: https://www.ncertbooks.guru/mcq-questions-for-class-9-social-science-geography-chapter-1-with-answers/
2026-02-24 10:39:04,850 - ERROR -   [Scraper] Failed to scrape https://www.ncertbooks.guru/mcq-questions-for-class-9-social-science-geography-chapter-2-with-answers/: 404 Client Error: Not Found for url: https://www.ncertbooks.guru/mcq-questions-for-class-9-social-science-geography-chapter-2-with-answers/
2026-02-24 10:39:05,683 - ERROR -   [Scraper] Failed to scrape https://www.ncertbooks.guru/mcq-questions-for-class-9-social-science-civics-chapter-1-with-answers/: 404 Client Error: Not Found for url: https://www.ncertbooks.guru/mcq-questions-for-class-9-social-science-civics-chapter-1-with-answers/
2026-02-24 10:39:06,534 - ERROR -   [Scraper] Failed to scrape https://www.ncertbooks.guru/mcq-questions-for-class-9-social-science-economics-chapter-1-with-answers/: 404 Client Error: Not Found for url: https://www.ncertbooks.guru/mcq-questions-for-class-9-social-science-economics-chapter-1-with-answers/
2026-02-24 10:39:07,357 - ERROR -   [Scraper] Failed to scrape https://www.ncertbooks.guru/mcq-questions-for-class-9-english-beehive-chapter-1-with-answers/: 404 Client Error: Not Found for url: https://www.ncertbooks.guru/mcq-questions-for-class-9-english-beehive-chapter-1-with-answers/
2026-02-24 10:39:08,265 - ERROR -   [Scraper] Failed to scrape https://www.ncertbooks.guru/mcq-questions-for-class-9-english-beehive-chapter-2-with-answers/: 404 Client Error: Not Found for url: https://www.ncertbooks.guru/mcq-questions-for-class-9-english-beehive-chapter-2-with-answers/
2026-02-24 10:39:09,229 - ERROR -   [Scraper] Failed to scrape https://www.ncertbooks.guru/mcq-questions-for-class-9-english-moments-chapter-1-with-answers/: 404 Client Error: Not Found for url: https://www.ncertbooks.guru/mcq-questions-for-class-9-english-moments-chapter-1-with-answers/
2026-02-24 10:39:09,230 - INFO - Total items in pool: 204
2026-02-24 10:39:09,231 - INFO - ============================================================
2026-02-24 10:39:10,390 - INFO - HTTP Request: POST https://wfegooasrtbhpursgcvh.supabase.co/rest/v1/class9_question_bank "HTTP/2 409 Conflict"
2026-02-24 10:39:10,390 - WARNING -   [1/54] DUPLICATE: [English] Skipped.
2026-02-24 10:39:11,760 - ERROR - Network error downloading diagram https://upload.wikimedia.org/wikipedia/commons/thumb/8/8b/Phase_change_-_en.svg/640px-Phase_change_-_en.svg.png: 404 Client Error: Not Found for url: https://upload.wikimedia.org/wikipedia/commons/thumb/8/8b/Phase_change_-_en.svg/640px-Phase_change_-_en.svg.png
2026-02-24 10:39:12,109 - INFO - HTTP Request: POST https://wfegooasrtbhpursgcvh.supabase.co/rest/v1/class9_question_bank "HTTP/2 409 Conflict"
2026-02-24 10:39:12,110 - WARNING -   [2/54] DUPLICATE: [Science] Skipped.
2026-02-24 10:39:13,236 - INFO - HTTP Request: POST https://wfegooasrtbhpursgcvh.supabase.co/storage/v1/object/question_diagrams/science/cell___the_fundamental_unit_of_life/3915619663c8438ba4a728f94708ae8e.png "HTTP/2 400 Bad Request"
2026-02-24 10:39:13,237 - ERROR - Supabase upload failed for https://upload.wikimedia.org/wikipedia/commons/thumb/4/48/Animal_cell_structure_en.svg/800px-Animal_cell_structure_en.svg.png: {'statusCode': 403, 'error': Unauthorized, 'message': new row violates row-level security policy}
2026-02-24 10:39:13,593 - INFO - HTTP Request: POST https://wfegooasrtbhpursgcvh.supabase.co/rest/v1/class9_question_bank "HTTP/2 409 Conflict"
2026-02-24 10:39:13,594 - WARNING -   [3/54] DUPLICATE: [Science] Skipped.
2026-02-24 10:39:13,938 - ERROR - Network error downloading diagram https://upload.wikimedia.org/wikipedia/commons/thumb/1/1a/Plant_cell_structure_svg_labels.svg/800px-Plant_cell_structure_svg_labels.svg.png: 404 Client Error: Not Found for url: https://upload.wikimedia.org/wikipedia/commons/thumb/1/1a/Plant_cell_structure_svg_labels.svg/800px-Plant_cell_structure_svg_labels.svg.png
2026-02-24 10:39:14,286 - INFO - HTTP Request: POST https://wfegooasrtbhpursgcvh.supabase.co/rest/v1/class9_question_bank "HTTP/2 409 Conflict"
2026-02-24 10:39:14,287 - WARNING -   [4/54] DUPLICATE: [Science] Skipped.
2026-02-24 10:39:14,651 - INFO - HTTP Request: POST https://wfegooasrtbhpursgcvh.supabase.co/rest/v1/class9_question_bank "HTTP/2 409 Conflict"
2026-02-24 10:39:14,652 - WARNING -   [5/54] DUPLICATE: [Science] Skipped.
2026-02-24 10:39:15,196 - INFO - HTTP Request: POST https://wfegooasrtbhpursgcvh.supabase.co/storage/v1/object/question_diagrams/science/cell___the_fundamental_unit_of_life/cf9500b51cbf4f53b3dcb5fe4a5844f9.png "HTTP/2 400 Bad Request"
2026-02-24 10:39:15,196 - ERROR - Supabase upload failed for https://upload.wikimedia.org/wikipedia/commons/thumb/4/48/Animal_cell_structure_en.svg/800px-Animal_cell_structure_en.svg.png: {'statusCode': 403, 'error': Unauthorized, 'message': new row violates row-level security policy}
2026-02-24 10:39:15,538 - INFO - HTTP Request: POST https://wfegooasrtbhpursgcvh.supabase.co/rest/v1/class9_question_bank "HTTP/2 409 Conflict"
2026-02-24 10:39:15,539 - WARNING -   [6/54] DUPLICATE: [Science] Skipped.
2026-02-24 10:39:15,648 - ERROR - Network error downloading diagram https://upload.wikimedia.org/wikipedia/commons/4/4b/Onion_cells_2.jpg: 404 Client Error: Not Found for url: https://upload.wikimedia.org/wikipedia/commons/4/4b/Onion_cells_2.jpg
2026-02-24 10:39:16,005 - INFO - HTTP Request: POST https://wfegooasrtbhpursgcvh.supabase.co/rest/v1/class9_question_bank "HTTP/2 409 Conflict"
2026-02-24 10:39:16,006 - WARNING -   [7/54] DUPLICATE: [Science] Skipped.
2026-02-24 10:39:16,317 - INFO - HTTP Request: POST https://wfegooasrtbhpursgcvh.supabase.co/rest/v1/class9_question_bank "HTTP/2 409 Conflict"
2026-02-24 10:39:16,318 - WARNING -   [8/54] DUPLICATE: [Science] Skipped.
2026-02-24 10:39:16,657 - INFO - HTTP Request: POST https://wfegooasrtbhpursgcvh.supabase.co/rest/v1/class9_question_bank "HTTP/2 409 Conflict"
2026-02-24 10:39:16,658 - WARNING -   [9/54] DUPLICATE: [Science] Skipped.
2026-02-24 10:39:16,735 - ERROR - Network error downloading diagram https://upload.wikimedia.org/wikipedia/commons/thumb/8/8b/Phase_change_-_en.svg/640px-Phase_change_-_en.svg.png: 404 Client Error: Not Found for url: https://upload.wikimedia.org/wikipedia/commons/thumb/8/8b/Phase_change_-_en.svg/640px-Phase_change_-_en.svg.png
2026-02-24 10:39:17,046 - INFO - HTTP Request: POST https://wfegooasrtbhpursgcvh.supabase.co/rest/v1/class9_question_bank "HTTP/2 409 Conflict"
2026-02-24 10:39:17,047 - WARNING -   [10/54] DUPLICATE: [Science] Skipped.
2026-02-24 10:39:17,370 - INFO - HTTP Request: POST https://wfegooasrtbhpursgcvh.supabase.co/rest/v1/class9_question_bank "HTTP/2 409 Conflict"
2026-02-24 10:39:17,370 - WARNING -   [11/54] DUPLICATE: [Science] Skipped.
2026-02-24 10:39:17,693 - INFO - HTTP Request: POST https://wfegooasrtbhpursgcvh.supabase.co/rest/v1/class9_question_bank "HTTP/2 409 Conflict"
2026-02-24 10:39:17,694 - WARNING -   [12/54] DUPLICATE: [Science] Skipped.
2026-02-24 10:39:17,975 - ERROR - Network error downloading diagram https://upload.wikimedia.org/wikipedia/commons/thumb/e/e7/Hydrogen_Atom.svg/600px-Hydrogen_Atom.svg.png: 404 Client Error: Not Found for url: https://upload.wikimedia.org/wikipedia/commons/thumb/e/e7/Hydrogen_Atom.svg/600px-Hydrogen_Atom.svg.png
2026-02-24 10:39:18,289 - INFO - HTTP Request: POST https://wfegooasrtbhpursgcvh.supabase.co/rest/v1/class9_question_bank "HTTP/2 409 Conflict"
2026-02-24 10:39:18,289 - WARNING -   [13/54] DUPLICATE: [Science] Skipped.
2026-02-24 10:39:18,604 - INFO - HTTP Request: POST https://wfegooasrtbhpursgcvh.supabase.co/rest/v1/class9_question_bank "HTTP/2 409 Conflict"
2026-02-24 10:39:18,604 - WARNING -   [14/54] DUPLICATE: [Science] Skipped.
2026-02-24 10:39:18,918 - INFO - HTTP Request: POST https://wfegooasrtbhpursgcvh.supabase.co/rest/v1/class9_question_bank "HTTP/2 409 Conflict"
2026-02-24 10:39:18,919 - WARNING -   [15/54] DUPLICATE: [Science] Skipped.
2026-02-24 10:39:19,208 - ERROR - Network error downloading diagram https://upload.wikimedia.org/wikipedia/commons/thumb/8/82/Velocity_vs_time_graph.svg/600px-Velocity_vs_time_graph.svg.png: 404 Client Error: Not Found for url: https://upload.wikimedia.org/wikipedia/commons/thumb/8/82/Velocity_vs_time_graph.svg/600px-Velocity_vs_time_graph.svg.png
2026-02-24 10:39:19,521 - INFO - HTTP Request: POST https://wfegooasrtbhpursgcvh.supabase.co/rest/v1/class9_question_bank "HTTP/2 409 Conflict"
2026-02-24 10:39:19,522 - WARNING -   [16/54] DUPLICATE: [Science] Skipped.
2026-02-24 10:39:19,840 - INFO - HTTP Request: POST https://wfegooasrtbhpursgcvh.supabase.co/rest/v1/class9_question_bank "HTTP/2 409 Conflict"
2026-02-24 10:39:19,840 - WARNING -   [17/54] DUPLICATE: [Science] Skipped.
2026-02-24 10:39:20,199 - ERROR - Network error downloading diagram https://upload.wikimedia.org/wikipedia/commons/thumb/4/4e/Free_body_diagram2.svg/400px-Free_body_diagram2.svg.png: 404 Client Error: Not Found for url: https://upload.wikimedia.org/wikipedia/commons/thumb/4/4e/Free_body_diagram2.svg/400px-Free_body_diagram2.svg.png
2026-02-24 10:39:20,521 - INFO - HTTP Request: POST https://wfegooasrtbhpursgcvh.supabase.co/rest/v1/class9_question_bank "HTTP/2 409 Conflict"
2026-02-24 10:39:20,522 - WARNING -   [18/54] DUPLICATE: [Science] Skipped.
2026-02-24 10:39:20,833 - INFO - HTTP Request: POST https://wfegooasrtbhpursgcvh.supabase.co/rest/v1/class9_question_bank "HTTP/2 409 Conflict"
2026-02-24 10:39:20,833 - WARNING -   [19/54] DUPLICATE: [Science] Skipped.
2026-02-24 10:39:21,142 - INFO - HTTP Request: POST https://wfegooasrtbhpursgcvh.supabase.co/rest/v1/class9_question_bank "HTTP/2 409 Conflict"
2026-02-24 10:39:21,142 - WARNING -   [20/54] DUPLICATE: [Science] Skipped.
2026-02-24 10:39:21,521 - ERROR - Network error downloading diagram https://upload.wikimedia.org/wikipedia/commons/thumb/6/62/Sine_wave_amplitude.svg/600px-Sine_wave_amplitude.svg.png: 404 Client Error: Not Found for url: https://upload.wikimedia.org/wikipedia/commons/thumb/6/62/Sine_wave_amplitude.svg/600px-Sine_wave_amplitude.svg.png
2026-02-24 10:39:21,836 - INFO - HTTP Request: POST https://wfegooasrtbhpursgcvh.supabase.co/rest/v1/class9_question_bank "HTTP/2 409 Conflict"
2026-02-24 10:39:21,836 - WARNING -   [21/54] DUPLICATE: [Science] Skipped.
2026-02-24 10:39:22,144 - INFO - HTTP Request: POST https://wfegooasrtbhpursgcvh.supabase.co/rest/v1/class9_question_bank "HTTP/2 409 Conflict"
2026-02-24 10:39:22,145 - WARNING -   [22/54] DUPLICATE: [Mathematics] Skipped.
2026-02-24 10:39:22,454 - INFO - HTTP Request: POST https://wfegooasrtbhpursgcvh.supabase.co/rest/v1/class9_question_bank "HTTP/2 409 Conflict"
2026-02-24 10:39:22,455 - WARNING -   [23/54] DUPLICATE: [Mathematics] Skipped.
2026-02-24 10:39:22,765 - INFO - HTTP Request: POST https://wfegooasrtbhpursgcvh.supabase.co/rest/v1/class9_question_bank "HTTP/2 409 Conflict"
2026-02-24 10:39:22,766 - WARNING -   [24/54] DUPLICATE: [Mathematics] Skipped.
2026-02-24 10:39:23,077 - INFO - HTTP Request: POST https://wfegooasrtbhpursgcvh.supabase.co/rest/v1/class9_question_bank "HTTP/2 409 Conflict"
2026-02-24 10:39:23,078 - WARNING -   [25/54] DUPLICATE: [Mathematics] Skipped.
2026-02-24 10:39:24,170 - INFO - HTTP Request: POST https://wfegooasrtbhpursgcvh.supabase.co/storage/v1/object/question_diagrams/mathematics/coordinate_geometry/ac4a937ec1c84fecb58b2782f25d00b0.png "HTTP/2 400 Bad Request"
2026-02-24 10:39:24,171 - ERROR - Supabase upload failed for https://upload.wikimedia.org/wikipedia/commons/thumb/0/0e/Cartesian-coordinate-system.svg/500px-Cartesian-coordinate-system.svg.png: {'statusCode': 403, 'error': Unauthorized, 'message': new row violates row-level security policy}
2026-02-24 10:39:24,484 - INFO - HTTP Request: POST https://wfegooasrtbhpursgcvh.supabase.co/rest/v1/class9_question_bank "HTTP/2 409 Conflict"
2026-02-24 10:39:24,484 - WARNING -   [26/54] DUPLICATE: [Mathematics] Skipped.
2026-02-24 10:39:24,796 - INFO - HTTP Request: POST https://wfegooasrtbhpursgcvh.supabase.co/rest/v1/class9_question_bank "HTTP/2 409 Conflict"
2026-02-24 10:39:24,797 - WARNING -   [27/54] DUPLICATE: [Mathematics] Skipped.
2026-02-24 10:39:25,204 - ERROR - Network error downloading diagram https://upload.wikimedia.org/wikipedia/commons/thumb/4/4f/Triangle_with_notations_2.svg/400px-Triangle_with_notations_2.svg.png: 404 Client Error: Not Found for url: https://upload.wikimedia.org/wikipedia/commons/thumb/4/4f/Triangle_with_notations_2.svg/400px-Triangle_with_notations_2.svg.png
2026-02-24 10:39:25,515 - INFO - HTTP Request: POST https://wfegooasrtbhpursgcvh.supabase.co/rest/v1/class9_question_bank "HTTP/2 409 Conflict"
2026-02-24 10:39:25,516 - WARNING -   [28/54] DUPLICATE: [Mathematics] Skipped.
2026-02-24 10:39:25,827 - INFO - HTTP Request: POST https://wfegooasrtbhpursgcvh.supabase.co/rest/v1/class9_question_bank "HTTP/2 409 Conflict"
2026-02-24 10:39:25,828 - WARNING -   [29/54] DUPLICATE: [Mathematics] Skipped.
2026-02-24 10:39:26,365 - INFO - HTTP Request: POST https://wfegooasrtbhpursgcvh.supabase.co/storage/v1/object/question_diagrams/mathematics/circles/a9c5b4904ce04666b4818b599a1ee8ca.png "HTTP/2 400 Bad Request"
2026-02-24 10:39:26,366 - ERROR - Supabase upload failed for https://upload.wikimedia.org/wikipedia/commons/thumb/0/03/Circle-withsegments.svg/400px-Circle-withsegments.svg.png: {'statusCode': 403, 'error': Unauthorized, 'message': new row violates row-level security policy}
2026-02-24 10:39:26,685 - INFO - HTTP Request: POST https://wfegooasrtbhpursgcvh.supabase.co/rest/v1/class9_question_bank "HTTP/2 409 Conflict"
2026-02-24 10:39:26,685 - WARNING -   [30/54] DUPLICATE: [Mathematics] Skipped.
2026-02-24 10:39:26,994 - INFO - HTTP Request: POST https://wfegooasrtbhpursgcvh.supabase.co/rest/v1/class9_question_bank "HTTP/2 409 Conflict"
2026-02-24 10:39:26,994 - WARNING -   [31/54] DUPLICATE: [Mathematics] Skipped.
2026-02-24 10:39:27,329 - ERROR - Network error downloading diagram https://upload.wikimedia.org/wikipedia/commons/thumb/4/44/Parallelogram_area.svg/400px-Parallelogram_area.svg.png: 404 Client Error: Not Found for url: https://upload.wikimedia.org/wikipedia/commons/thumb/4/44/Parallelogram_area.svg/400px-Parallelogram_area.svg.png
2026-02-24 10:39:27,642 - INFO - HTTP Request: POST https://wfegooasrtbhpursgcvh.supabase.co/rest/v1/class9_question_bank "HTTP/2 409 Conflict"
2026-02-24 10:39:27,643 - WARNING -   [32/54] DUPLICATE: [Mathematics] Skipped.
2026-02-24 10:39:27,954 - INFO - HTTP Request: POST https://wfegooasrtbhpursgcvh.supabase.co/rest/v1/class9_question_bank "HTTP/2 409 Conflict"
2026-02-24 10:39:27,954 - WARNING -   [33/54] DUPLICATE: [Mathematics] Skipped.
2026-02-24 10:39:28,266 - INFO - HTTP Request: POST https://wfegooasrtbhpursgcvh.supabase.co/rest/v1/class9_question_bank "HTTP/2 409 Conflict"
2026-02-24 10:39:28,266 - WARNING -   [34/54] DUPLICATE: [Mathematics] Skipped.
2026-02-24 10:39:28,625 - ERROR - Network error downloading diagram https://upload.wikimedia.org/wikipedia/commons/thumb/5/5d/Serment_du_Jeu_de_paume.jpg/800px-Serment_du_Jeu_de_paume.jpg: 404 Client Error: Not Found for url: https://upload.wikimedia.org/wikipedia/commons/thumb/5/5d/Serment_du_Jeu_de_paume.jpg/800px-Serment_du_Jeu_de_paume.jpg
2026-02-24 10:39:28,940 - INFO - HTTP Request: POST https://wfegooasrtbhpursgcvh.supabase.co/rest/v1/class9_question_bank "HTTP/2 409 Conflict"
2026-02-24 10:39:28,941 - WARNING -   [35/54] DUPLICATE: [Social Science] Skipped.
2026-02-24 10:39:29,249 - INFO - HTTP Request: POST https://wfegooasrtbhpursgcvh.supabase.co/rest/v1/class9_question_bank "HTTP/2 409 Conflict"
2026-02-24 10:39:29,250 - WARNING -   [36/54] DUPLICATE: [Social Science] Skipped.
2026-02-24 10:39:29,562 - INFO - HTTP Request: POST https://wfegooasrtbhpursgcvh.supabase.co/rest/v1/class9_question_bank "HTTP/2 409 Conflict"
2026-02-24 10:39:29,563 - WARNING -   [37/54] DUPLICATE: [Social Science] Skipped.
2026-02-24 10:39:30,018 - ERROR - Network error downloading diagram https://upload.wikimedia.org/wikipedia/commons/thumb/3/3b/India-map-en.svg/600px-India-map-en.svg.png: 404 Client Error: Not Found for url: https://upload.wikimedia.org/wikipedia/commons/thumb/3/3b/India-map-en.svg/600px-India-map-en.svg.png
2026-02-24 10:39:30,327 - INFO - HTTP Request: POST https://wfegooasrtbhpursgcvh.supabase.co/rest/v1/class9_question_bank "HTTP/2 409 Conflict"
2026-02-24 10:39:30,327 - WARNING -   [38/54] DUPLICATE: [Social Science] Skipped.
2026-02-24 10:39:30,738 - ERROR - Network error downloading diagram https://upload.wikimedia.org/wikipedia/commons/thumb/2/2f/India_rivers_and_lakes_map.svg/500px-India_rivers_and_lakes_map.svg.png: 404 Client Error: Not Found for url: https://upload.wikimedia.org/wikipedia/commons/thumb/2/2f/India_rivers_and_lakes_map.svg/500px-India_rivers_and_lakes_map.svg.png
2026-02-24 10:39:31,048 - INFO - HTTP Request: POST https://wfegooasrtbhpursgcvh.supabase.co/rest/v1/class9_question_bank "HTTP/2 409 Conflict"
2026-02-24 10:39:31,049 - WARNING -   [39/54] DUPLICATE: [Social Science] Skipped.
2026-02-24 10:39:31,359 - INFO - HTTP Request: POST https://wfegooasrtbhpursgcvh.supabase.co/rest/v1/class9_question_bank "HTTP/2 409 Conflict"
2026-02-24 10:39:31,360 - WARNING -   [40/54] DUPLICATE: [Social Science] Skipped.
2026-02-24 10:39:31,741 - ERROR - Network error downloading diagram https://upload.wikimedia.org/wikipedia/commons/thumb/b/b7/India_climatic_zone_map_en.svg/500px-India_climatic_zone_map_en.svg.png: 404 Client Error: Not Found for url: https://upload.wikimedia.org/wikipedia/commons/thumb/b/b7/India_climatic_zone_map_en.svg/500px-India_climatic_zone_map_en.svg.png
2026-02-24 10:39:32,071 - INFO - HTTP Request: POST https://wfegooasrtbhpursgcvh.supabase.co/rest/v1/class9_question_bank "HTTP/2 409 Conflict"
2026-02-24 10:39:32,072 - WARNING -   [41/54] DUPLICATE: [Social Science] Skipped.
2026-02-24 10:39:32,381 - INFO - HTTP Request: POST https://wfegooasrtbhpursgcvh.supabase.co/rest/v1/class9_question_bank "HTTP/2 409 Conflict"
2026-02-24 10:39:32,382 - WARNING -   [42/54] DUPLICATE: [Social Science] Skipped.
2026-02-24 10:39:32,694 - INFO - HTTP Request: POST https://wfegooasrtbhpursgcvh.supabase.co/rest/v1/class9_question_bank "HTTP/2 409 Conflict"
2026-02-24 10:39:32,695 - WARNING -   [43/54] DUPLICATE: [Social Science] Skipped.
2026-02-24 10:39:33,003 - INFO - HTTP Request: POST https://wfegooasrtbhpursgcvh.supabase.co/rest/v1/class9_question_bank "HTTP/2 409 Conflict"
2026-02-24 10:39:33,004 - WARNING -   [44/54] DUPLICATE: [Social Science] Skipped.
2026-02-24 10:39:33,313 - INFO - HTTP Request: POST https://wfegooasrtbhpursgcvh.supabase.co/rest/v1/class9_question_bank "HTTP/2 409 Conflict"
2026-02-24 10:39:33,314 - WARNING -   [45/54] DUPLICATE: [Social Science] Skipped.
2026-02-24 10:39:33,736 - ERROR - Network error downloading diagram https://upload.wikimedia.org/wikipedia/commons/thumb/e/e0/Simple_bar_graph.svg/600px-Simple_bar_graph.svg.png: 404 Client Error: Not Found for url: https://upload.wikimedia.org/wikipedia/commons/thumb/e/e0/Simple_bar_graph.svg/600px-Simple_bar_graph.svg.png
2026-02-24 10:39:34,052 - INFO - HTTP Request: POST https://wfegooasrtbhpursgcvh.supabase.co/rest/v1/class9_question_bank "HTTP/2 409 Conflict"
2026-02-24 10:39:34,053 - WARNING -   [46/54] DUPLICATE: [English] Skipped.
2026-02-24 10:39:34,363 - INFO - HTTP Request: POST https://wfegooasrtbhpursgcvh.supabase.co/rest/v1/class9_question_bank "HTTP/2 409 Conflict"
2026-02-24 10:39:34,363 - WARNING -   [47/54] DUPLICATE: [English] Skipped.
2026-02-24 10:39:34,675 - INFO - HTTP Request: POST https://wfegooasrtbhpursgcvh.supabase.co/rest/v1/class9_question_bank "HTTP/2 409 Conflict"
2026-02-24 10:39:34,677 - WARNING -   [48/54] DUPLICATE: [English] Skipped.
2026-02-24 10:39:34,995 - INFO - HTTP Request: POST https://wfegooasrtbhpursgcvh.supabase.co/rest/v1/class9_question_bank "HTTP/2 409 Conflict"
2026-02-24 10:39:34,996 - WARNING -   [49/54] DUPLICATE: [English] Skipped.
2026-02-24 10:39:35,307 - INFO - HTTP Request: POST https://wfegooasrtbhpursgcvh.supabase.co/rest/v1/class9_question_bank "HTTP/2 409 Conflict"
2026-02-24 10:39:35,308 - WARNING -   [50/54] DUPLICATE: [Hindi] Skipped.
2026-02-24 10:39:35,619 - INFO - HTTP Request: POST https://wfegooasrtbhpursgcvh.supabase.co/rest/v1/class9_question_bank "HTTP/2 409 Conflict"
2026-02-24 10:39:35,620 - WARNING -   [51/54] DUPLICATE: [Hindi] Skipped.
2026-02-24 10:39:35,926 - INFO - HTTP Request: POST https://wfegooasrtbhpursgcvh.supabase.co/rest/v1/class9_question_bank "HTTP/2 409 Conflict"
2026-02-24 10:39:35,927 - WARNING -   [52/54] DUPLICATE: [Hindi] Skipped.
2026-02-24 10:39:36,240 - INFO - HTTP Request: POST https://wfegooasrtbhpursgcvh.supabase.co/rest/v1/class9_question_bank "HTTP/2 409 Conflict"
2026-02-24 10:39:36,241 - WARNING -   [53/54] DUPLICATE: [Sanskrit] Skipped.
2026-02-24 10:39:36,557 - INFO - HTTP Request: POST https://wfegooasrtbhpursgcvh.supabase.co/rest/v1/class9_question_bank "HTTP/2 409 Conflict"
2026-02-24 10:39:36,557 - WARNING -   [54/54] DUPLICATE: [Sanskrit] Skipped.
2026-02-24 10:39:36,872 - INFO - HTTP Request: POST https://wfegooasrtbhpursgcvh.supabase.co/rest/v1/class9_question_bank "HTTP/2 409 Conflict"
2026-02-24 10:39:36,873 - WARNING -   [55/54] DUPLICATE: [Science] Skipped.
2026-02-24 10:39:37,182 - INFO - HTTP Request: POST https://wfegooasrtbhpursgcvh.supabase.co/rest/v1/class9_question_bank "HTTP/2 409 Conflict"
2026-02-24 10:39:37,183 - WARNING -   [56/54] DUPLICATE: [Science] Skipped.
2026-02-24 10:39:37,493 - INFO - HTTP Request: POST https://wfegooasrtbhpursgcvh.supabase.co/rest/v1/class9_question_bank "HTTP/2 409 Conflict"
2026-02-24 10:39:37,493 - WARNING -   [57/54] DUPLICATE: [Science] Skipped.
2026-02-24 10:39:37,802 - INFO - HTTP Request: POST https://wfegooasrtbhpursgcvh.supabase.co/rest/v1/class9_question_bank "HTTP/2 409 Conflict"
2026-02-24 10:39:37,803 - WARNING -   [58/54] DUPLICATE: [Science] Skipped.
2026-02-24 10:39:38,113 - INFO - HTTP Request: POST https://wfegooasrtbhpursgcvh.supabase.co/rest/v1/class9_question_bank "HTTP/2 409 Conflict"
2026-02-24 10:39:38,114 - WARNING -   [59/54] DUPLICATE: [Science] Skipped.
2026-02-24 10:39:38,423 - INFO - HTTP Request: POST https://wfegooasrtbhpursgcvh.supabase.co/rest/v1/class9_question_bank "HTTP/2 409 Conflict"
2026-02-24 10:39:38,424 - WARNING -   [60/54] DUPLICATE: [Science] Skipped.
2026-02-24 10:39:38,736 - INFO - HTTP Request: POST https://wfegooasrtbhpursgcvh.supabase.co/rest/v1/class9_question_bank "HTTP/2 409 Conflict"
2026-02-24 10:39:38,737 - WARNING -   [61/54] DUPLICATE: [Science] Skipped.
2026-02-24 10:39:39,048 - INFO - HTTP Request: POST https://wfegooasrtbhpursgcvh.supabase.co/rest/v1/class9_question_bank "HTTP/2 409 Conflict"
2026-02-24 10:39:39,048 - WARNING -   [62/54] DUPLICATE: [Science] Skipped.
2026-02-24 10:39:39,357 - INFO - HTTP Request: POST https://wfegooasrtbhpursgcvh.supabase.co/rest/v1/class9_question_bank "HTTP/2 409 Conflict"
2026-02-24 10:39:39,358 - WARNING -   [63/54] DUPLICATE: [Science] Skipped.
2026-02-24 10:39:39,666 - INFO - HTTP Request: POST https://wfegooasrtbhpursgcvh.supabase.co/rest/v1/class9_question_bank "HTTP/2 409 Conflict"
2026-02-24 10:39:39,667 - WARNING -   [64/54] DUPLICATE: [Science] Skipped.
2026-02-24 10:39:39,977 - INFO - HTTP Request: POST https://wfegooasrtbhpursgcvh.supabase.co/rest/v1/class9_question_bank "HTTP/2 409 Conflict"
2026-02-24 10:39:39,978 - WARNING -   [65/54] DUPLICATE: [Science] Skipped.
2026-02-24 10:39:40,291 - INFO - HTTP Request: POST https://wfegooasrtbhpursgcvh.supabase.co/rest/v1/class9_question_bank "HTTP/2 409 Conflict"
2026-02-24 10:39:40,291 - WARNING -   [66/54] DUPLICATE: [Science] Skipped.
2026-02-24 10:39:40,605 - INFO - HTTP Request: POST https://wfegooasrtbhpursgcvh.supabase.co/rest/v1/class9_question_bank "HTTP/2 409 Conflict"
2026-02-24 10:39:40,606 - WARNING -   [67/54] DUPLICATE: [Science] Skipped.
2026-02-24 10:39:40,926 - INFO - HTTP Request: POST https://wfegooasrtbhpursgcvh.supabase.co/rest/v1/class9_question_bank "HTTP/2 409 Conflict"
2026-02-24 10:39:40,927 - WARNING -   [68/54] DUPLICATE: [Science] Skipped.
2026-02-24 10:39:41,238 - INFO - HTTP Request: POST https://wfegooasrtbhpursgcvh.supabase.co/rest/v1/class9_question_bank "HTTP/2 409 Conflict"
2026-02-24 10:39:41,239 - WARNING -   [69/54] DUPLICATE: [Science] Skipped.
2026-02-24 10:39:41,546 - INFO - HTTP Request: POST https://wfegooasrtbhpursgcvh.supabase.co/rest/v1/class9_question_bank "HTTP/2 409 Conflict"
2026-02-24 10:39:41,547 - WARNING -   [70/54] DUPLICATE: [Science] Skipped.
2026-02-24 10:39:41,856 - INFO - HTTP Request: POST https://wfegooasrtbhpursgcvh.supabase.co/rest/v1/class9_question_bank "HTTP/2 409 Conflict"
2026-02-24 10:39:41,856 - WARNING -   [71/54] DUPLICATE: [Science] Skipped.
2026-02-24 10:39:42,168 - INFO - HTTP Request: POST https://wfegooasrtbhpursgcvh.supabase.co/rest/v1/class9_question_bank "HTTP/2 409 Conflict"
2026-02-24 10:39:42,169 - WARNING -   [72/54] DUPLICATE: [Science] Skipped.
2026-02-24 10:39:42,482 - INFO - HTTP Request: POST https://wfegooasrtbhpursgcvh.supabase.co/rest/v1/class9_question_bank "HTTP/2 409 Conflict"
2026-02-24 10:39:42,483 - WARNING -   [73/54] DUPLICATE: [Science] Skipped.
2026-02-24 10:39:42,807 - INFO - HTTP Request: POST https://wfegooasrtbhpursgcvh.supabase.co/rest/v1/class9_question_bank "HTTP/2 409 Conflict"
2026-02-24 10:39:42,808 - WARNING -   [74/54] DUPLICATE: [Science] Skipped.
2026-02-24 10:39:43,121 - INFO - HTTP Request: POST https://wfegooasrtbhpursgcvh.supabase.co/rest/v1/class9_question_bank "HTTP/2 409 Conflict"
2026-02-24 10:39:43,122 - WARNING -   [75/54] DUPLICATE: [Science] Skipped.
2026-02-24 10:39:43,446 - INFO - HTTP Request: POST https://wfegooasrtbhpursgcvh.supabase.co/rest/v1/class9_question_bank "HTTP/2 409 Conflict"
2026-02-24 10:39:43,446 - WARNING -   [76/54] DUPLICATE: [Science] Skipped.
2026-02-24 10:39:43,762 - INFO - HTTP Request: POST https://wfegooasrtbhpursgcvh.supabase.co/rest/v1/class9_question_bank "HTTP/2 409 Conflict"
2026-02-24 10:39:43,762 - WARNING -   [77/54] DUPLICATE: [Science] Skipped.
2026-02-24 10:39:44,225 - INFO - HTTP Request: POST https://wfegooasrtbhpursgcvh.supabase.co/rest/v1/class9_question_bank "HTTP/2 409 Conflict"
2026-02-24 10:39:44,225 - WARNING -   [78/54] DUPLICATE: [Science] Skipped.
2026-02-24 10:39:44,601 - INFO - HTTP Request: POST https://wfegooasrtbhpursgcvh.supabase.co/rest/v1/class9_question_bank "HTTP/2 409 Conflict"
2026-02-24 10:39:44,602 - WARNING -   [79/54] DUPLICATE: [Science] Skipped.
2026-02-24 10:39:44,913 - INFO - HTTP Request: POST https://wfegooasrtbhpursgcvh.supabase.co/rest/v1/class9_question_bank "HTTP/2 409 Conflict"
2026-02-24 10:39:44,914 - WARNING -   [80/54] DUPLICATE: [Science] Skipped.
2026-02-24 10:39:45,222 - INFO - HTTP Request: POST https://wfegooasrtbhpursgcvh.supabase.co/rest/v1/class9_question_bank "HTTP/2 409 Conflict"
2026-02-24 10:39:45,223 - WARNING -   [81/54] DUPLICATE: [Science] Skipped.
2026-02-24 10:39:45,533 - INFO - HTTP Request: POST https://wfegooasrtbhpursgcvh.supabase.co/rest/v1/class9_question_bank "HTTP/2 409 Conflict"
2026-02-24 10:39:45,533 - WARNING -   [82/54] DUPLICATE: [Science] Skipped.
2026-02-24 10:39:45,880 - INFO - HTTP Request: POST https://wfegooasrtbhpursgcvh.supabase.co/rest/v1/class9_question_bank "HTTP/2 409 Conflict"
2026-02-24 10:39:45,880 - WARNING -   [83/54] DUPLICATE: [Science] Skipped.
2026-02-24 10:39:46,249 - INFO - HTTP Request: POST https://wfegooasrtbhpursgcvh.supabase.co/rest/v1/class9_question_bank "HTTP/2 409 Conflict"
2026-02-24 10:39:46,249 - WARNING -   [84/54] DUPLICATE: [Science] Skipped.
2026-02-24 10:39:46,557 - INFO - HTTP Request: POST https://wfegooasrtbhpursgcvh.supabase.co/rest/v1/class9_question_bank "HTTP/2 409 Conflict"
2026-02-24 10:39:46,557 - WARNING -   [85/54] DUPLICATE: [Science] Skipped.
2026-02-24 10:39:46,866 - INFO - HTTP Request: POST https://wfegooasrtbhpursgcvh.supabase.co/rest/v1/class9_question_bank "HTTP/2 409 Conflict"
2026-02-24 10:39:46,866 - WARNING -   [86/54] DUPLICATE: [Science] Skipped.
2026-02-24 10:39:47,181 - INFO - HTTP Request: POST https://wfegooasrtbhpursgcvh.supabase.co/rest/v1/class9_question_bank "HTTP/2 409 Conflict"
2026-02-24 10:39:47,182 - WARNING -   [87/54] DUPLICATE: [Science] Skipped.
2026-02-24 10:39:47,506 - INFO - HTTP Request: POST https://wfegooasrtbhpursgcvh.supabase.co/rest/v1/class9_question_bank "HTTP/2 409 Conflict"
2026-02-24 10:39:47,506 - WARNING -   [88/54] DUPLICATE: [Science] Skipped.
2026-02-24 10:39:47,815 - INFO - HTTP Request: POST https://wfegooasrtbhpursgcvh.supabase.co/rest/v1/class9_question_bank "HTTP/2 409 Conflict"
2026-02-24 10:39:47,815 - WARNING -   [89/54] DUPLICATE: [Science] Skipped.
2026-02-24 10:39:48,123 - INFO - HTTP Request: POST https://wfegooasrtbhpursgcvh.supabase.co/rest/v1/class9_question_bank "HTTP/2 409 Conflict"
2026-02-24 10:39:48,124 - WARNING -   [90/54] DUPLICATE: [Science] Skipped.
2026-02-24 10:39:48,439 - INFO - HTTP Request: POST https://wfegooasrtbhpursgcvh.supabase.co/rest/v1/class9_question_bank "HTTP/2 409 Conflict"
2026-02-24 10:39:48,439 - WARNING -   [91/54] DUPLICATE: [Science] Skipped.
2026-02-24 10:39:48,748 - INFO - HTTP Request: POST https://wfegooasrtbhpursgcvh.supabase.co/rest/v1/class9_question_bank "HTTP/2 409 Conflict"
2026-02-24 10:39:48,749 - WARNING -   [92/54] DUPLICATE: [Science] Skipped.
2026-02-24 10:39:49,061 - INFO - HTTP Request: POST https://wfegooasrtbhpursgcvh.supabase.co/rest/v1/class9_question_bank "HTTP/2 409 Conflict"
2026-02-24 10:39:49,061 - WARNING -   [93/54] DUPLICATE: [Science] Skipped.
2026-02-24 10:39:49,369 - INFO - HTTP Request: POST https://wfegooasrtbhpursgcvh.supabase.co/rest/v1/class9_question_bank "HTTP/2 409 Conflict"
2026-02-24 10:39:49,370 - WARNING -   [94/54] DUPLICATE: [Science] Skipped.
2026-02-24 10:39:49,678 - INFO - HTTP Request: POST https://wfegooasrtbhpursgcvh.supabase.co/rest/v1/class9_question_bank "HTTP/2 409 Conflict"
2026-02-24 10:39:49,678 - WARNING -   [95/54] DUPLICATE: [Science] Skipped.
2026-02-24 10:39:49,987 - INFO - HTTP Request: POST https://wfegooasrtbhpursgcvh.supabase.co/rest/v1/class9_question_bank "HTTP/2 409 Conflict"
2026-02-24 10:39:49,988 - WARNING -   [96/54] DUPLICATE: [Science] Skipped.
2026-02-24 10:39:50,297 - INFO - HTTP Request: POST https://wfegooasrtbhpursgcvh.supabase.co/rest/v1/class9_question_bank "HTTP/2 409 Conflict"
2026-02-24 10:39:50,297 - WARNING -   [97/54] DUPLICATE: [Science] Skipped.
2026-02-24 10:39:50,610 - INFO - HTTP Request: POST https://wfegooasrtbhpursgcvh.supabase.co/rest/v1/class9_question_bank "HTTP/2 409 Conflict"
2026-02-24 10:39:50,611 - WARNING -   [98/54] DUPLICATE: [Science] Skipped.
2026-02-24 10:39:50,919 - INFO - HTTP Request: POST https://wfegooasrtbhpursgcvh.supabase.co/rest/v1/class9_question_bank "HTTP/2 409 Conflict"
2026-02-24 10:39:50,920 - WARNING -   [99/54] DUPLICATE: [Science] Skipped.
2026-02-24 10:39:51,229 - INFO - HTTP Request: POST https://wfegooasrtbhpursgcvh.supabase.co/rest/v1/class9_question_bank "HTTP/2 409 Conflict"
2026-02-24 10:39:51,230 - WARNING -   [100/54] DUPLICATE: [Science] Skipped.
2026-02-24 10:39:51,541 - INFO - HTTP Request: POST https://wfegooasrtbhpursgcvh.supabase.co/rest/v1/class9_question_bank "HTTP/2 409 Conflict"
2026-02-24 10:39:51,541 - WARNING -   [101/54] DUPLICATE: [Science] Skipped.
2026-02-24 10:39:51,852 - INFO - HTTP Request: POST https://wfegooasrtbhpursgcvh.supabase.co/rest/v1/class9_question_bank "HTTP/2 409 Conflict"
2026-02-24 10:39:51,852 - WARNING -   [102/54] DUPLICATE: [Science] Skipped.
2026-02-24 10:39:52,165 - INFO - HTTP Request: POST https://wfegooasrtbhpursgcvh.supabase.co/rest/v1/class9_question_bank "HTTP/2 409 Conflict"
2026-02-24 10:39:52,166 - WARNING -   [103/54] DUPLICATE: [Science] Skipped.
2026-02-24 10:39:52,481 - INFO - HTTP Request: POST https://wfegooasrtbhpursgcvh.supabase.co/rest/v1/class9_question_bank "HTTP/2 409 Conflict"
2026-02-24 10:39:52,482 - WARNING -   [104/54] DUPLICATE: [Science] Skipped.
2026-02-24 10:39:52,794 - INFO - HTTP Request: POST https://wfegooasrtbhpursgcvh.supabase.co/rest/v1/class9_question_bank "HTTP/2 409 Conflict"
2026-02-24 10:39:52,795 - WARNING -   [105/54] DUPLICATE: [Science] Skipped.
2026-02-24 10:39:53,110 - INFO - HTTP Request: POST https://wfegooasrtbhpursgcvh.supabase.co/rest/v1/class9_question_bank "HTTP/2 409 Conflict"
2026-02-24 10:39:53,110 - WARNING -   [106/54] DUPLICATE: [Science] Skipped.
2026-02-24 10:39:53,424 - INFO - HTTP Request: POST https://wfegooasrtbhpursgcvh.supabase.co/rest/v1/class9_question_bank "HTTP/2 409 Conflict"
2026-02-24 10:39:53,425 - WARNING -   [107/54] DUPLICATE: [Science] Skipped.
2026-02-24 10:39:53,736 - INFO - HTTP Request: POST https://wfegooasrtbhpursgcvh.supabase.co/rest/v1/class9_question_bank "HTTP/2 409 Conflict"
2026-02-24 10:39:53,736 - WARNING -   [108/54] DUPLICATE: [Science] Skipped.
2026-02-24 10:39:54,062 - INFO - HTTP Request: POST https://wfegooasrtbhpursgcvh.supabase.co/rest/v1/class9_question_bank "HTTP/2 409 Conflict"
2026-02-24 10:39:54,063 - WARNING -   [109/54] DUPLICATE: [Science] Skipped.
2026-02-24 10:39:54,377 - INFO - HTTP Request: POST https://wfegooasrtbhpursgcvh.supabase.co/rest/v1/class9_question_bank "HTTP/2 409 Conflict"
2026-02-24 10:39:54,377 - WARNING -   [110/54] DUPLICATE: [Science] Skipped.
2026-02-24 10:39:54,691 - INFO - HTTP Request: POST https://wfegooasrtbhpursgcvh.supabase.co/rest/v1/class9_question_bank "HTTP/2 409 Conflict"
2026-02-24 10:39:54,692 - WARNING -   [111/54] DUPLICATE: [Science] Skipped.
2026-02-24 10:39:55,002 - INFO - HTTP Request: POST https://wfegooasrtbhpursgcvh.supabase.co/rest/v1/class9_question_bank "HTTP/2 409 Conflict"
2026-02-24 10:39:55,002 - WARNING -   [112/54] DUPLICATE: [Science] Skipped.
2026-02-24 10:39:55,309 - INFO - HTTP Request: POST https://wfegooasrtbhpursgcvh.supabase.co/rest/v1/class9_question_bank "HTTP/2 409 Conflict"
2026-02-24 10:39:55,310 - WARNING -   [113/54] DUPLICATE: [Science] Skipped.
2026-02-24 10:39:55,618 - INFO - HTTP Request: POST https://wfegooasrtbhpursgcvh.supabase.co/rest/v1/class9_question_bank "HTTP/2 409 Conflict"
2026-02-24 10:39:55,619 - WARNING -   [114/54] DUPLICATE: [Science] Skipped.
2026-02-24 10:39:55,930 - INFO - HTTP Request: POST https://wfegooasrtbhpursgcvh.supabase.co/rest/v1/class9_question_bank "HTTP/2 409 Conflict"
2026-02-24 10:39:55,931 - WARNING -   [115/54] DUPLICATE: [Science] Skipped.
2026-02-24 10:39:56,250 - INFO - HTTP Request: POST https://wfegooasrtbhpursgcvh.supabase.co/rest/v1/class9_question_bank "HTTP/2 409 Conflict"
2026-02-24 10:39:56,251 - WARNING -   [116/54] DUPLICATE: [Science] Skipped.
2026-02-24 10:39:56,558 - INFO - HTTP Request: POST https://wfegooasrtbhpursgcvh.supabase.co/rest/v1/class9_question_bank "HTTP/2 409 Conflict"
2026-02-24 10:39:56,559 - WARNING -   [117/54] DUPLICATE: [Science] Skipped.
2026-02-24 10:39:56,867 - INFO - HTTP Request: POST https://wfegooasrtbhpursgcvh.supabase.co/rest/v1/class9_question_bank "HTTP/2 409 Conflict"
2026-02-24 10:39:56,868 - WARNING -   [118/54] DUPLICATE: [Science] Skipped.
2026-02-24 10:39:57,177 - INFO - HTTP Request: POST https://wfegooasrtbhpursgcvh.supabase.co/rest/v1/class9_question_bank "HTTP/2 409 Conflict"
2026-02-24 10:39:57,177 - WARNING -   [119/54] DUPLICATE: [Science] Skipped.
2026-02-24 10:39:57,500 - INFO - HTTP Request: POST https://wfegooasrtbhpursgcvh.supabase.co/rest/v1/class9_question_bank "HTTP/2 409 Conflict"
2026-02-24 10:39:57,501 - WARNING -   [120/54] DUPLICATE: [Science] Skipped.
2026-02-24 10:39:57,812 - INFO - HTTP Request: POST https://wfegooasrtbhpursgcvh.supabase.co/rest/v1/class9_question_bank "HTTP/2 409 Conflict"
2026-02-24 10:39:57,812 - WARNING -   [121/54] DUPLICATE: [Science] Skipped.
2026-02-24 10:39:58,120 - INFO - HTTP Request: POST https://wfegooasrtbhpursgcvh.supabase.co/rest/v1/class9_question_bank "HTTP/2 409 Conflict"
2026-02-24 10:39:58,120 - WARNING -   [122/54] DUPLICATE: [Science] Skipped.
2026-02-24 10:39:58,482 - INFO - HTTP Request: POST https://wfegooasrtbhpursgcvh.supabase.co/rest/v1/class9_question_bank "HTTP/2 409 Conflict"
2026-02-24 10:39:58,483 - WARNING -   [123/54] DUPLICATE: [Science] Skipped.
2026-02-24 10:39:58,802 - INFO - HTTP Request: POST https://wfegooasrtbhpursgcvh.supabase.co/rest/v1/class9_question_bank "HTTP/2 409 Conflict"
2026-02-24 10:39:58,803 - WARNING -   [124/54] DUPLICATE: [Science] Skipped.
2026-02-24 10:39:59,114 - INFO - HTTP Request: POST https://wfegooasrtbhpursgcvh.supabase.co/rest/v1/class9_question_bank "HTTP/2 409 Conflict"
2026-02-24 10:39:59,115 - WARNING -   [125/54] DUPLICATE: [Science] Skipped.
2026-02-24 10:39:59,427 - INFO - HTTP Request: POST https://wfegooasrtbhpursgcvh.supabase.co/rest/v1/class9_question_bank "HTTP/2 409 Conflict"
2026-02-24 10:39:59,427 - WARNING -   [126/54] DUPLICATE: [Science] Skipped.
2026-02-24 10:39:59,739 - INFO - HTTP Request: POST https://wfegooasrtbhpursgcvh.supabase.co/rest/v1/class9_question_bank "HTTP/2 409 Conflict"
2026-02-24 10:39:59,739 - WARNING -   [127/54] DUPLICATE: [Science] Skipped.
2026-02-24 10:40:00,058 - INFO - HTTP Request: POST https://wfegooasrtbhpursgcvh.supabase.co/rest/v1/class9_question_bank "HTTP/2 409 Conflict"
2026-02-24 10:40:00,059 - WARNING -   [128/54] DUPLICATE: [Science] Skipped.
2026-02-24 10:40:00,367 - INFO - HTTP Request: POST https://wfegooasrtbhpursgcvh.supabase.co/rest/v1/class9_question_bank "HTTP/2 409 Conflict"
2026-02-24 10:40:00,367 - WARNING -   [129/54] DUPLICATE: [Science] Skipped.
2026-02-24 10:40:00,676 - INFO - HTTP Request: POST https://wfegooasrtbhpursgcvh.supabase.co/rest/v1/class9_question_bank "HTTP/2 409 Conflict"
2026-02-24 10:40:00,677 - WARNING -   [130/54] DUPLICATE: [Science] Skipped.
2026-02-24 10:40:01,002 - INFO - HTTP Request: POST https://wfegooasrtbhpursgcvh.supabase.co/rest/v1/class9_question_bank "HTTP/2 409 Conflict"
2026-02-24 10:40:01,002 - WARNING -   [131/54] DUPLICATE: [Science] Skipped.
2026-02-24 10:40:01,320 - INFO - HTTP Request: POST https://wfegooasrtbhpursgcvh.supabase.co/rest/v1/class9_question_bank "HTTP/2 409 Conflict"
2026-02-24 10:40:01,321 - WARNING -   [132/54] DUPLICATE: [Science] Skipped.
2026-02-24 10:40:01,634 - INFO - HTTP Request: POST https://wfegooasrtbhpursgcvh.supabase.co/rest/v1/class9_question_bank "HTTP/2 409 Conflict"
2026-02-24 10:40:01,635 - WARNING -   [133/54] DUPLICATE: [Science] Skipped.
2026-02-24 10:40:01,950 - INFO - HTTP Request: POST https://wfegooasrtbhpursgcvh.supabase.co/rest/v1/class9_question_bank "HTTP/2 409 Conflict"
2026-02-24 10:40:01,950 - WARNING -   [134/54] DUPLICATE: [Science] Skipped.
2026-02-24 10:40:02,265 - INFO - HTTP Request: POST https://wfegooasrtbhpursgcvh.supabase.co/rest/v1/class9_question_bank "HTTP/2 409 Conflict"
2026-02-24 10:40:02,266 - WARNING -   [135/54] DUPLICATE: [Science] Skipped.
2026-02-24 10:40:02,578 - INFO - HTTP Request: POST https://wfegooasrtbhpursgcvh.supabase.co/rest/v1/class9_question_bank "HTTP/2 409 Conflict"
2026-02-24 10:40:02,579 - WARNING -   [136/54] DUPLICATE: [Science] Skipped.
2026-02-24 10:40:02,895 - INFO - HTTP Request: POST https://wfegooasrtbhpursgcvh.supabase.co/rest/v1/class9_question_bank "HTTP/2 409 Conflict"
2026-02-24 10:40:02,896 - WARNING -   [137/54] DUPLICATE: [Science] Skipped.
2026-02-24 10:40:03,207 - INFO - HTTP Request: POST https://wfegooasrtbhpursgcvh.supabase.co/rest/v1/class9_question_bank "HTTP/2 409 Conflict"
2026-02-24 10:40:03,208 - WARNING -   [138/54] DUPLICATE: [Science] Skipped.
2026-02-24 10:40:03,527 - INFO - HTTP Request: POST https://wfegooasrtbhpursgcvh.supabase.co/rest/v1/class9_question_bank "HTTP/2 409 Conflict"
2026-02-24 10:40:03,528 - WARNING -   [139/54] DUPLICATE: [Science] Skipped.
2026-02-24 10:40:03,840 - INFO - HTTP Request: POST https://wfegooasrtbhpursgcvh.supabase.co/rest/v1/class9_question_bank "HTTP/2 409 Conflict"
2026-02-24 10:40:03,841 - WARNING -   [140/54] DUPLICATE: [Science] Skipped.
2026-02-24 10:40:04,159 - INFO - HTTP Request: POST https://wfegooasrtbhpursgcvh.supabase.co/rest/v1/class9_question_bank "HTTP/2 409 Conflict"
2026-02-24 10:40:04,159 - WARNING -   [141/54] DUPLICATE: [Science] Skipped.
2026-02-24 10:40:04,481 - INFO - HTTP Request: POST https://wfegooasrtbhpursgcvh.supabase.co/rest/v1/class9_question_bank "HTTP/2 409 Conflict"
2026-02-24 10:40:04,481 - WARNING -   [142/54] DUPLICATE: [Science] Skipped.
2026-02-24 10:40:04,791 - INFO - HTTP Request: POST https://wfegooasrtbhpursgcvh.supabase.co/rest/v1/class9_question_bank "HTTP/2 409 Conflict"
2026-02-24 10:40:04,791 - WARNING -   [143/54] DUPLICATE: [Science] Skipped.
2026-02-24 10:40:05,111 - INFO - HTTP Request: POST https://wfegooasrtbhpursgcvh.supabase.co/rest/v1/class9_question_bank "HTTP/2 409 Conflict"
2026-02-24 10:40:05,111 - WARNING -   [144/54] DUPLICATE: [Science] Skipped.
2026-02-24 10:40:05,424 - INFO - HTTP Request: POST https://wfegooasrtbhpursgcvh.supabase.co/rest/v1/class9_question_bank "HTTP/2 409 Conflict"
2026-02-24 10:40:05,425 - WARNING -   [145/54] DUPLICATE: [Science] Skipped.
2026-02-24 10:40:05,737 - INFO - HTTP Request: POST https://wfegooasrtbhpursgcvh.supabase.co/rest/v1/class9_question_bank "HTTP/2 409 Conflict"
2026-02-24 10:40:05,738 - WARNING -   [146/54] DUPLICATE: [Science] Skipped.
2026-02-24 10:40:06,048 - INFO - HTTP Request: POST https://wfegooasrtbhpursgcvh.supabase.co/rest/v1/class9_question_bank "HTTP/2 409 Conflict"
2026-02-24 10:40:06,048 - WARNING -   [147/54] DUPLICATE: [Science] Skipped.
2026-02-24 10:40:06,360 - INFO - HTTP Request: POST https://wfegooasrtbhpursgcvh.supabase.co/rest/v1/class9_question_bank "HTTP/2 409 Conflict"
2026-02-24 10:40:06,361 - WARNING -   [148/54] DUPLICATE: [Science] Skipped.
2026-02-24 10:40:06,674 - INFO - HTTP Request: POST https://wfegooasrtbhpursgcvh.supabase.co/rest/v1/class9_question_bank "HTTP/2 201 Created"
2026-02-24 10:40:06,675 - INFO -   [149/54] SECURED: [Science] Force and Laws of Motion (MCQ, 1m) — Diagram: NO
2026-02-24 10:40:07,487 - INFO - HTTP Request: POST https://wfegooasrtbhpursgcvh.supabase.co/rest/v1/class9_question_bank "HTTP/2 201 Created"
2026-02-24 10:40:07,488 - INFO -   [150/54] SECURED: [Science] Force and Laws of Motion (MCQ, 1m) — Diagram: NO
2026-02-24 10:40:08,304 - INFO - HTTP Request: POST https://wfegooasrtbhpursgcvh.supabase.co/rest/v1/class9_question_bank "HTTP/2 201 Created"
2026-02-24 10:40:08,305 - INFO -   [151/54] SECURED: [Science] Force and Laws of Motion (MCQ, 1m) — Diagram: NO
2026-02-24 10:40:09,127 - INFO - HTTP Request: POST https://wfegooasrtbhpursgcvh.supabase.co/rest/v1/class9_question_bank "HTTP/2 201 Created"
2026-02-24 10:40:09,128 - INFO -   [152/54] SECURED: [Science] Force and Laws of Motion (MCQ, 1m) — Diagram: NO
2026-02-24 10:40:09,944 - INFO - HTTP Request: POST https://wfegooasrtbhpursgcvh.supabase.co/rest/v1/class9_question_bank "HTTP/2 201 Created"
2026-02-24 10:40:09,945 - INFO -   [153/54] SECURED: [Science] Force and Laws of Motion (MCQ, 1m) — Diagram: NO
2026-02-24 10:40:10,759 - INFO - HTTP Request: POST https://wfegooasrtbhpursgcvh.supabase.co/rest/v1/class9_question_bank "HTTP/2 201 Created"
2026-02-24 10:40:10,759 - INFO -   [154/54] SECURED: [Science] Force and Laws of Motion (MCQ, 1m) — Diagram: NO
2026-02-24 10:40:11,587 - INFO - HTTP Request: POST https://wfegooasrtbhpursgcvh.supabase.co/rest/v1/class9_question_bank "HTTP/2 201 Created"
2026-02-24 10:40:11,588 - INFO -   [155/54] SECURED: [Science] Force and Laws of Motion (MCQ, 1m) — Diagram: NO
2026-02-24 10:40:12,406 - INFO - HTTP Request: POST https://wfegooasrtbhpursgcvh.supabase.co/rest/v1/class9_question_bank "HTTP/2 201 Created"
2026-02-24 10:40:12,407 - INFO -   [156/54] SECURED: [Science] Force and Laws of Motion (MCQ, 1m) — Diagram: NO
2026-02-24 10:40:13,233 - INFO - HTTP Request: POST https://wfegooasrtbhpursgcvh.supabase.co/rest/v1/class9_question_bank "HTTP/2 201 Created"
2026-02-24 10:40:13,234 - INFO -   [157/54] SECURED: [Science] Force and Laws of Motion (MCQ, 1m) — Diagram: NO
2026-02-24 10:40:14,047 - INFO - HTTP Request: POST https://wfegooasrtbhpursgcvh.supabase.co/rest/v1/class9_question_bank "HTTP/2 201 Created"
2026-02-24 10:40:14,048 - INFO -   [158/54] SECURED: [Science] Force and Laws of Motion (MCQ, 1m) — Diagram: NO
2026-02-24 10:40:14,862 - INFO - HTTP Request: POST https://wfegooasrtbhpursgcvh.supabase.co/rest/v1/class9_question_bank "HTTP/2 201 Created"
2026-02-24 10:40:14,863 - INFO -   [159/54] SECURED: [Science] Force and Laws of Motion (MCQ, 1m) — Diagram: NO
2026-02-24 10:40:15,674 - INFO - HTTP Request: POST https://wfegooasrtbhpursgcvh.supabase.co/rest/v1/class9_question_bank "HTTP/2 201 Created"
2026-02-24 10:40:15,674 - INFO -   [160/54] SECURED: [Science] Force and Laws of Motion (MCQ, 1m) — Diagram: NO
2026-02-24 10:40:16,488 - INFO - HTTP Request: POST https://wfegooasrtbhpursgcvh.supabase.co/rest/v1/class9_question_bank "HTTP/2 201 Created"
2026-02-24 10:40:16,488 - INFO -   [161/54] SECURED: [Science] Force and Laws of Motion (MCQ, 1m) — Diagram: NO
2026-02-24 10:40:17,304 - INFO - HTTP Request: POST https://wfegooasrtbhpursgcvh.supabase.co/rest/v1/class9_question_bank "HTTP/2 201 Created"
2026-02-24 10:40:17,304 - INFO -   [162/54] SECURED: [Science] Force and Laws of Motion (MCQ, 1m) — Diagram: NO
2026-02-24 10:40:18,118 - INFO - HTTP Request: POST https://wfegooasrtbhpursgcvh.supabase.co/rest/v1/class9_question_bank "HTTP/2 201 Created"
2026-02-24 10:40:18,118 - INFO -   [163/54] SECURED: [Science] Gravitation (MCQ, 1m) — Diagram: NO
2026-02-24 10:40:18,934 - INFO - HTTP Request: POST https://wfegooasrtbhpursgcvh.supabase.co/rest/v1/class9_question_bank "HTTP/2 201 Created"
2026-02-24 10:40:18,934 - INFO -   [164/54] SECURED: [Science] Gravitation (MCQ, 1m) — Diagram: NO
2026-02-24 10:40:19,749 - INFO - HTTP Request: POST https://wfegooasrtbhpursgcvh.supabase.co/rest/v1/class9_question_bank "HTTP/2 201 Created"
2026-02-24 10:40:19,750 - INFO -   [165/54] SECURED: [Science] Gravitation (MCQ, 1m) — Diagram: NO
2026-02-24 10:40:20,562 - INFO - HTTP Request: POST https://wfegooasrtbhpursgcvh.supabase.co/rest/v1/class9_question_bank "HTTP/2 201 Created"
2026-02-24 10:40:20,563 - INFO -   [166/54] SECURED: [Science] Gravitation (MCQ, 1m) — Diagram: NO
2026-02-24 10:40:21,395 - INFO - HTTP Request: POST https://wfegooasrtbhpursgcvh.supabase.co/rest/v1/class9_question_bank "HTTP/2 201 Created"
2026-02-24 10:40:21,395 - INFO -   [167/54] SECURED: [Science] Gravitation (MCQ, 1m) — Diagram: NO
2026-02-24 10:40:22,213 - INFO - HTTP Request: POST https://wfegooasrtbhpursgcvh.supabase.co/rest/v1/class9_question_bank "HTTP/2 201 Created"
2026-02-24 10:40:22,214 - INFO -   [168/54] SECURED: [Science] Gravitation (MCQ, 1m) — Diagram: NO
2026-02-24 10:40:23,026 - INFO - HTTP Request: POST https://wfegooasrtbhpursgcvh.supabase.co/rest/v1/class9_question_bank "HTTP/2 201 Created"
2026-02-24 10:40:23,027 - INFO -   [169/54] SECURED: [Science] Gravitation (MCQ, 1m) — Diagram: NO
2026-02-24 10:40:23,840 - INFO - HTTP Request: POST https://wfegooasrtbhpursgcvh.supabase.co/rest/v1/class9_question_bank "HTTP/2 201 Created"
2026-02-24 10:40:23,841 - INFO -   [170/54] SECURED: [Science] Gravitation (MCQ, 1m) — Diagram: NO
2026-02-24 10:40:24,654 - INFO - HTTP Request: POST https://wfegooasrtbhpursgcvh.supabase.co/rest/v1/class9_question_bank "HTTP/2 201 Created"
2026-02-24 10:40:24,655 - INFO -   [171/54] SECURED: [Science] Gravitation (MCQ, 1m) — Diagram: NO
2026-02-24 10:40:25,470 - INFO - HTTP Request: POST https://wfegooasrtbhpursgcvh.supabase.co/rest/v1/class9_question_bank "HTTP/2 201 Created"
2026-02-24 10:40:25,471 - INFO -   [172/54] SECURED: [Science] Gravitation (MCQ, 1m) — Diagram: NO
2026-02-24 10:40:26,288 - INFO - HTTP Request: POST https://wfegooasrtbhpursgcvh.supabase.co/rest/v1/class9_question_bank "HTTP/2 201 Created"
2026-02-24 10:40:26,289 - INFO -   [173/54] SECURED: [Science] Gravitation (MCQ, 1m) — Diagram: NO
2026-02-24 10:40:27,105 - INFO - HTTP Request: POST https://wfegooasrtbhpursgcvh.supabase.co/rest/v1/class9_question_bank "HTTP/2 201 Created"
2026-02-24 10:40:27,106 - INFO -   [174/54] SECURED: [Science] Gravitation (MCQ, 1m) — Diagram: NO
2026-02-24 10:40:27,919 - INFO - HTTP Request: POST https://wfegooasrtbhpursgcvh.supabase.co/rest/v1/class9_question_bank "HTTP/2 201 Created"
2026-02-24 10:40:27,920 - INFO -   [175/54] SECURED: [Science] Gravitation (MCQ, 1m) — Diagram: NO
2026-02-24 10:40:28,738 - INFO - HTTP Request: POST https://wfegooasrtbhpursgcvh.supabase.co/rest/v1/class9_question_bank "HTTP/2 201 Created"
2026-02-24 10:40:28,739 - INFO -   [176/54] SECURED: [Science] Gravitation (MCQ, 1m) — Diagram: NO
2026-02-24 10:40:29,566 - INFO - HTTP Request: POST https://wfegooasrtbhpursgcvh.supabase.co/rest/v1/class9_question_bank "HTTP/2 201 Created"
2026-02-24 10:40:29,566 - INFO -   [177/54] SECURED: [Science] Work and Energy (MCQ, 1m) — Diagram: NO
2026-02-24 10:40:30,382 - INFO - HTTP Request: POST https://wfegooasrtbhpursgcvh.supabase.co/rest/v1/class9_question_bank "HTTP/2 201 Created"
2026-02-24 10:40:30,383 - INFO -   [178/54] SECURED: [Science] Work and Energy (MCQ, 1m) — Diagram: NO
2026-02-24 10:40:31,197 - INFO - HTTP Request: POST https://wfegooasrtbhpursgcvh.supabase.co/rest/v1/class9_question_bank "HTTP/2 201 Created"
2026-02-24 10:40:31,198 - INFO -   [179/54] SECURED: [Science] Work and Energy (MCQ, 1m) — Diagram: NO
2026-02-24 10:40:32,009 - INFO - HTTP Request: POST https://wfegooasrtbhpursgcvh.supabase.co/rest/v1/class9_question_bank "HTTP/2 201 Created"
2026-02-24 10:40:32,010 - INFO -   [180/54] SECURED: [Science] Work and Energy (MCQ, 1m) — Diagram: NO
2026-02-24 10:40:32,822 - INFO - HTTP Request: POST https://wfegooasrtbhpursgcvh.supabase.co/rest/v1/class9_question_bank "HTTP/2 201 Created"
2026-02-24 10:40:32,823 - INFO -   [181/54] SECURED: [Science] Work and Energy (MCQ, 1m) — Diagram: NO
2026-02-24 10:40:33,639 - INFO - HTTP Request: POST https://wfegooasrtbhpursgcvh.supabase.co/rest/v1/class9_question_bank "HTTP/2 201 Created"
2026-02-24 10:40:33,639 - INFO -   [182/54] SECURED: [Science] Work and Energy (MCQ, 1m) — Diagram: NO
2026-02-24 10:40:34,453 - INFO - HTTP Request: POST https://wfegooasrtbhpursgcvh.supabase.co/rest/v1/class9_question_bank "HTTP/2 201 Created"
2026-02-24 10:40:34,453 - INFO -   [183/54] SECURED: [Science] Work and Energy (MCQ, 1m) — Diagram: NO
2026-02-24 10:40:35,271 - INFO - HTTP Request: POST https://wfegooasrtbhpursgcvh.supabase.co/rest/v1/class9_question_bank "HTTP/2 201 Created"
2026-02-24 10:40:35,272 - INFO -   [184/54] SECURED: [Science] Work and Energy (MCQ, 1m) — Diagram: NO
2026-02-24 10:40:36,090 - INFO - HTTP Request: POST https://wfegooasrtbhpursgcvh.supabase.co/rest/v1/class9_question_bank "HTTP/2 201 Created"
2026-02-24 10:40:36,090 - INFO -   [185/54] SECURED: [Science] Work and Energy (MCQ, 1m) — Diagram: NO
2026-02-24 10:40:36,909 - INFO - HTTP Request: POST https://wfegooasrtbhpursgcvh.supabase.co/rest/v1/class9_question_bank "HTTP/2 201 Created"
2026-02-24 10:40:36,910 - INFO -   [186/54] SECURED: [Science] Work and Energy (MCQ, 1m) — Diagram: NO
2026-02-24 10:40:37,725 - INFO - HTTP Request: POST https://wfegooasrtbhpursgcvh.supabase.co/rest/v1/class9_question_bank "HTTP/2 201 Created"
2026-02-24 10:40:37,726 - INFO -   [187/54] SECURED: [Science] Work and Energy (MCQ, 1m) — Diagram: NO
2026-02-24 10:40:38,546 - INFO - HTTP Request: POST https://wfegooasrtbhpursgcvh.supabase.co/rest/v1/class9_question_bank "HTTP/2 201 Created"
2026-02-24 10:40:38,546 - INFO -   [188/54] SECURED: [Science] Work and Energy (MCQ, 1m) — Diagram: NO
2026-02-24 10:40:39,372 - INFO - HTTP Request: POST https://wfegooasrtbhpursgcvh.supabase.co/rest/v1/class9_question_bank "HTTP/2 201 Created"
2026-02-24 10:40:39,372 - INFO -   [189/54] SECURED: [Science] Work and Energy (MCQ, 1m) — Diagram: NO
2026-02-24 10:40:40,195 - INFO - HTTP Request: POST https://wfegooasrtbhpursgcvh.supabase.co/rest/v1/class9_question_bank "HTTP/2 201 Created"
2026-02-24 10:40:40,195 - INFO -   [190/54] SECURED: [Science] Work and Energy (MCQ, 1m) — Diagram: NO
2026-02-24 10:40:41,013 - INFO - HTTP Request: POST https://wfegooasrtbhpursgcvh.supabase.co/rest/v1/class9_question_bank "HTTP/2 201 Created"
2026-02-24 10:40:41,013 - INFO -   [191/54] SECURED: [Science] Work and Energy (MCQ, 1m) — Diagram: NO
2026-02-24 10:40:41,831 - INFO - HTTP Request: POST https://wfegooasrtbhpursgcvh.supabase.co/rest/v1/class9_question_bank "HTTP/2 201 Created"
2026-02-24 10:40:41,832 - INFO -   [192/54] SECURED: [Science] Work and Energy (MCQ, 1m) — Diagram: NO
2026-02-24 10:40:42,644 - INFO - HTTP Request: POST https://wfegooasrtbhpursgcvh.supabase.co/rest/v1/class9_question_bank "HTTP/2 201 Created"
2026-02-24 10:40:42,645 - INFO -   [193/54] SECURED: [Mathematics] Number Systems (MCQ, 1m) — Diagram: NO
2026-02-24 10:40:43,462 - INFO - HTTP Request: POST https://wfegooasrtbhpursgcvh.supabase.co/rest/v1/class9_question_bank "HTTP/2 201 Created"
2026-02-24 10:40:43,463 - INFO -   [194/54] SECURED: [Mathematics] Number Systems (MCQ, 1m) — Diagram: NO
2026-02-24 10:40:44,275 - INFO - HTTP Request: POST https://wfegooasrtbhpursgcvh.supabase.co/rest/v1/class9_question_bank "HTTP/2 201 Created"
2026-02-24 10:40:44,276 - INFO -   [195/54] SECURED: [Mathematics] Number Systems (MCQ, 1m) — Diagram: NO
2026-02-24 10:40:45,089 - INFO - HTTP Request: POST https://wfegooasrtbhpursgcvh.supabase.co/rest/v1/class9_question_bank "HTTP/2 201 Created"
2026-02-24 10:40:45,090 - INFO -   [196/54] SECURED: [Mathematics] Number Systems (MCQ, 1m) — Diagram: NO
2026-02-24 10:40:45,905 - INFO - HTTP Request: POST https://wfegooasrtbhpursgcvh.supabase.co/rest/v1/class9_question_bank "HTTP/2 201 Created"
2026-02-24 10:40:45,905 - INFO -   [197/54] SECURED: [Mathematics] Coordinate Geometry (MCQ, 1m) — Diagram: NO
2026-02-24 10:40:46,721 - INFO - HTTP Request: POST https://wfegooasrtbhpursgcvh.supabase.co/rest/v1/class9_question_bank "HTTP/2 201 Created"
2026-02-24 10:40:46,721 - INFO -   [198/54] SECURED: [Mathematics] Linear Equations in Two Variables (MCQ, 1m) — Diagram: NO
2026-02-24 10:40:47,533 - INFO - HTTP Request: POST https://wfegooasrtbhpursgcvh.supabase.co/rest/v1/class9_question_bank "HTTP/2 201 Created"
2026-02-24 10:40:47,534 - INFO -   [199/54] SECURED: [Mathematics] Linear Equations in Two Variables (MCQ, 1m) — Diagram: NO
2026-02-24 10:40:48,345 - INFO - HTTP Request: POST https://wfegooasrtbhpursgcvh.supabase.co/rest/v1/class9_question_bank "HTTP/2 201 Created"
2026-02-24 10:40:48,346 - INFO -   [200/54] SECURED: [Mathematics] Introduction to Euclid's Geometry (MCQ, 1m) — Diagram: NO
2026-02-24 10:40:49,161 - INFO - HTTP Request: POST https://wfegooasrtbhpursgcvh.supabase.co/rest/v1/class9_question_bank "HTTP/2 201 Created"
2026-02-24 10:40:49,162 - INFO -   [201/54] SECURED: [Mathematics] Lines and Angles (MCQ, 1m) — Diagram: NO
2026-02-24 10:40:49,976 - INFO - HTTP Request: POST https://wfegooasrtbhpursgcvh.supabase.co/rest/v1/class9_question_bank "HTTP/2 201 Created"
2026-02-24 10:40:49,976 - INFO -   [202/54] SECURED: [Mathematics] Heron's Formula (MCQ, 1m) — Diagram: NO
2026-02-24 10:40:50,793 - INFO - HTTP Request: POST https://wfegooasrtbhpursgcvh.supabase.co/rest/v1/class9_question_bank "HTTP/2 201 Created"
2026-02-24 10:40:50,793 - INFO -   [203/54] SECURED: [Mathematics] Statistics (MCQ, 1m) — Diagram: NO
2026-02-24 10:40:51,607 - INFO - HTTP Request: POST https://wfegooasrtbhpursgcvh.supabase.co/rest/v1/class9_question_bank "HTTP/2 201 Created"
2026-02-24 10:40:51,607 - INFO -   [204/54] SECURED: [Mathematics] Probability (MCQ, 1m) — Diagram: NO
2026-02-24 10:40:52,108 - INFO - ============================================================
2026-02-24 10:40:52,108 - INFO - PIPELINE EXECUTION COMPLETE
2026-02-24 10:40:52,108 - INFO -   Inserted:   56
2026-02-24 10:40:52,108 - INFO -   Duplicates: 148
2026-02-24 10:40:52,108 - INFO -   Diagrams:   0
2026-02-24 10:40:52,109 - INFO -   Errors:     0
2026-02-24 10:40:52,109 - INFO - ============================================================
